-----------------------2019福利汇总第1期：不忘初心，方得始终-福利吧【161】-点赞-----------------------
https://tva1.sinaimg.cn/large/007awY0bly1g2oaya6trhj307i01x3yx.jpg
https://tva1.sinaimg.cn/large/007qbgWbly1g7hvebkkzfj30n202dtbd.jpg
https://tva1.sinaimg.cn/mw690/006OBeunly1fyqug25wwaj30j60d4wgk.jpg
https://tva1.sinaimg.cn/mw690/006OBeunly1fyqug404v2j30j60dsgo7.jpg
https://tva1.sinaimg.cn/mw690/006OBeunly1fyqum7l3ekj30k00qo4hh.jpg
https://tva1.sinaimg.cn/mw690/006OBeunly1fyqum97pi8j30k00qox6f.jpg
https://tva1.sinaimg.cn/mw690/ea170e04ly1fu90q32wq1j20gq08u0t3.jpg
https://tva1.sinaimg.cn/mw690/005zHL7ggy1fypvb5axjnj30go19h4j5.jpg
https://tva1.sinaimg.cn/mw690/006OBeunly1fyqui9gu2cj30qo0k0txm.jpg
https://tva1.sinaimg.cn/mw690/006OBeunly1fyqug961q8j30k00b1teo.jpg
https://tva1.sinaimg.cn/mw690/006OBeunly1fyqv6dcpx8j30hs0cb16w.jpg
https://tva1.sinaimg.cn/mw690/006OBeunly1fyquzlevtsj30mj0gwany.jpg
https://tva1.sinaimg.cn/mw690/006OBeunly1fyqv4cg1wqj30f00f1wu5.jpg
https://tva1.sinaimg.cn/mw690/006OBeunly1fyqvfagbs5j30jg0px1kx.jpg
https://tva1.sinaimg.cn/mw690/006OBeunly1fyqvcpwxt7j30jg0jge2d.jpg
https://tva1.sinaimg.cn/mw690/006OBeunly1fyqv9pfishj30la0sg7wh.jpg
https://tva1.sinaimg.cn/mw690/006OBeunly1fyqv7yof87j30fn0jkqhe.jpg
https://tva1.sinaimg.cn/mw690/86edb700gy1fyqg5g85ocj20xc0o0x6r.jpg
https://tva1.sinaimg.cn/mw690/006OBeunly1fyqvhsifymj30mj0s6npd.jpg
https://tva1.sinaimg.cn/mw690/006OBeunly1fyqv8gq359j30mj1dwwn3.jpg
https://tva1.sinaimg.cn/mw690/006OBeunly1fyqv8bs1f7j30h40qgncw.jpg
https://tva1.sinaimg.cn/mw690/006OBeunly1fyqv8a6zbgj30jx0x2az5.jpg
https://tva1.sinaimg.cn/mw690/006OBeunly1fyquyu1y6dj30mj0e2wti.jpg
https://tva1.sinaimg.cn/mw690/006OBeunly1fyqv03d4lmj30mj0vj7ud.jpg
https://tva1.sinaimg.cn/mw690/006OBeunly1fyqv1yx73oj30mj0fznli.jpg
https://tva1.sinaimg.cn/mw690/006OBeunly1fyqv4kb4j2j30mj0vue3v.jpg
https://tva1.sinaimg.cn/mw690/006OBeunly1fyqv4opnquj30mj0mj18p.jpg
https://tva1.sinaimg.cn/large/007awY0bly1g176ai3xscj30m60sctb7.jpg
https://tva1.sinaimg.cn/mw690/006OBeunly1fyqvkhow7pg308w06o1kx.gif
https://tva1.sinaimg.cn/mw690/006OBeunly1fyqvkte9wmg305w0aknpj.gif
https://tva1.sinaimg.cn/mw690/006OBeunly1fyqvkugdwdg30au0dcb2f.gif
https://tva1.sinaimg.cn/large/006OBeunly1fyqvktrjmjg30k80pae84.gif
https://tva1.sinaimg.cn/mw690/006OBeunly1fyqvkjwawwg307c0dce85.gif
https://tva1.sinaimg.cn/mw690/006OBeunly1fyqvkqpk1dg308w0ftu16.gif
https://tva1.sinaimg.cn/mw690/006OBeunly1fyqvktd7cpg30dc0dcu14.gif
https://tva1.sinaimg.cn/mw690/006OBeunly1fyqvko71u6g30dc0dcu12.gif
https://tva1.sinaimg.cn/mw690/006OBeunly1fyqvktusjpg30dc07inpl.gif
https://tva1.sinaimg.cn/mw690/006OBeunly1fyqvl7u3mag30b406yhdt.gif
https://tva1.sinaimg.cn/large/007awY0bly1ftk6nay2fsg301o01oglg.gif
https://tva1.sinaimg.cn/large/007awY0bly1g2oaya6trhj307i01x3yx.jpg
https://tva1.sinaimg.cn/large/007qbgWbly1g7hvebkkzfj30n202dtbd.jpg
https://tva1.sinaimg.cn/large/007awY0bly1fyr218ac0nj30m80eu415.jpg
https://tva1.sinaimg.cn/large/007awY0bly1fyr2187y5gj30m80eujts.jpg
https://tva1.sinaimg.cn/large/007awY0bly1fyr218az62j30k00qoq5v.jpg
https://tva1.sinaimg.cn/large/007awY0bly1fyr218cpboj30m80eu0vx.jpg
https://tva1.sinaimg.cn/large/007awY0bly1fyr21857ysj30le0e80tw.jpg
https://tva1.sinaimg.cn/large/007awY0bly1fyr218i48cj30m80gotci.jpg
https://tva1.sinaimg.cn/large/007awY0bly1fyr218diiuj30m80gojug.jpg
https://tva1.sinaimg.cn/large/007awY0bly1fyr2185l2cj30le0gq0tv.jpg
https://tva1.sinaimg.cn/large/007awY0bly1fyr2186lzej30le0g1my0.jpg
http://p7.qhimg.com/t01743007f85ea47163.jpg
https://tva1.sinaimg.cn/large/007awY0bly1fyr21862poj30le0gqjs2.jpg
https://tva1.sinaimg.cn/large/007awY0bly1fyr219ds1uj30qb10yai7.jpg
https://tva1.sinaimg.cn/large/007awY0bly1fyr219frvuj30qb10ygvw.jpg
https://tva1.sinaimg.cn/large/007awY0bly1fyr219dviwj30qb10y10s.jpg
https://tva1.sinaimg.cn/large/007awY0bly1fyr218mv2vj30iw0qjgq6.jpg
https://tva1.sinaimg.cn/large/007awY0bly1fyr218q9qoj30iw0qjdjx.jpg
https://tva1.sinaimg.cn/large/007awY0bly1fyr218hn8oj30iw0qjjup.jpg
http://p7.qhimg.com/t01f016712fcc45210e.jpg
https://tva1.sinaimg.cn/large/007awY0bly1fyr2190bw5j30qb10ythy.jpg
https://tva1.sinaimg.cn/large/007awY0bly1g176ai3xscj30m60sctb7.jpg
http://p1.qhimg.com/t015c206b8bf06563fb.gif
https://tva1.sinaimg.cn/large/007awY0bly1fyr22zdkjtg30a5073e81.gif
http://p6.qhimg.com/t019ede973e7438e556.gif
https://tva1.sinaimg.cn/large/007awY0bly1fyr22yrmryg30720a6b29.gif
https://tva1.sinaimg.cn/large/007awY0bly1fyr22wfvx9g30a506e4kq.gif
http://p0.qhimg.com/t01882164e3fff41f6c.gif
https://tva1.sinaimg.cn/large/007awY0bly1fyr22zewn7g308e0a4tz0.gif
http://p0.qhimg.com/t01341a5aaf0ea39a98.gif
https://tva1.sinaimg.cn/large/007awY0bly1fyr22wvyngg30a70901eu.gif
https://tva1.sinaimg.cn/large/007awY0bly1fyr234nwvcg30a3092kjm.gif
https://tva1.sinaimg.cn/large/007awY0bly1fyr22vwcpsg30a505q1gd.gif
https://tva1.sinaimg.cn/large/007awY0bly1fyr22wam5qg30a505qkf9.gif
https://tva1.sinaimg.cn/large/007awY0bly1fyr23f7jpyg30970a31kz.gif
http://p0.qhimg.com/t017c106842426a2221.gif
http://p1.qhimg.com/t0132541fe841c66013.gif
http://p1.qhimg.com/t019001d843e2da9a19.gif
http://p4.qhimg.com/t0171a7dc3a6e591984.gif
http://p9.qhimg.com/t013c2c1dcc1959bea3.gif
https://tva1.sinaimg.cn/large/007awY0bly1fyr22yjz9wg30a505o4qp.gif
http://p6.qhimg.com/t016fdc6f3d06dd9c45.gif
https://tva1.sinaimg.cn/large/007awY0bly1fyr2362r4pg30a705rhdt.gif
https://tva1.sinaimg.cn/large/007awY0bly1fyr232coodg30a705rhdt.gif
https://tva1.sinaimg.cn/large/007awY0bly1fyr2341nu0g308h0a2u0x.gif
https://tva1.sinaimg.cn/large/007awY0bly1fyr23fua6wg308v0a4npd.gif
https://tva1.sinaimg.cn/large/007awY0bly1fyr23c69vmg30820a4kjl.gif
https://tva1.sinaimg.cn/large/007awY0bly1fyr23eje5sg30a40a1kjl.gif
https://tva1.sinaimg.cn/large/007awY0bly1fyr23ibkc2g307i0a4hdu.gif
https://tva1.sinaimg.cn/large/007awY0bly1fyr23hgoufg307i0a4npe.gif
https://tva1.sinaimg.cn/large/007awY0bly1fyr23jb64jg307i0a4b2b.gif
https://tva1.sinaimg.cn/large/007awY0bly1fyr2378ihog307l0a84qp.gif
https://tva1.sinaimg.cn/large/007awY0bly1fyr235l11ng30650a8az5.gif
https://tva1.sinaimg.cn/large/007awY0bly1fyr2395g5wg307l0a87wh.gif
https://tva1.sinaimg.cn/large/007awY0bly1fyr23atzbeg307l0a8b29.gif
https://tva1.sinaimg.cn/large/007awY0bly1fyr2378qd9g30650a81co.gif
https://tva1.sinaimg.cn/large/007awY0bly1fyr23ex2u9g307l0a8npd.gif
https://tva1.sinaimg.cn/large/007awY0bly1fyr23bx6g6g30650a87wh.gif
http://p3.qhimg.com/t01cb0fb8b793b3e18a.gif
https://tva1.sinaimg.cn/large/007awY0bly1fyr23br7irg305o0a4e81.gif
http://p9.qhimg.com/t01a5f4283ed7953e89.gif
http://p3.qhimg.com/t01a576e09482a89ce8.gif
https://tva1.sinaimg.cn/large/007awY0bly1fyr23epzpfg30a609nnpd.gif
https://tva1.sinaimg.cn/large/007awY0bly1fyr23hzgbjg309s0a77wj.gif
https://tva1.sinaimg.cn/large/007awY0bly1fyr23eexpzg305f0a6kjl.gif
https://tva1.sinaimg.cn/large/007awY0bly1fyr234pt2fg30680a9n6b.gif
http://p9.qhimg.com/t0180ffff8c38ffa3df.gif
https://tva1.sinaimg.cn/large/007awY0bly1ftk6nay2fsg301o01oglg.gif
-----------------------2019福利汇总第2期：心之所向，素履以往-福利吧【174】-点赞-----------------------
https://tva1.sinaimg.cn/large/007awY0bly1g2oaya6trhj307i01x3yx.jpg
https://tva1.sinaimg.cn/large/007qbgWbly1g7hvebkkzfj30n202dtbd.jpg
https://tva1.sinaimg.cn/mw690/006OBeunly1fyt838zcrpj30mj0een8i.jpg
https://tva1.sinaimg.cn/mw690/006OBeunly1fyt8x3sw50j30mj0h4td8.jpg
https://tva1.sinaimg.cn/mw690/006OBeunly1fyt8stczphj30mj0ltkcw.jpg
https://tva1.sinaimg.cn/mw690/8edc8053ly1fysowl8lgxj20yi0hwmzm.jpg
https://tva1.sinaimg.cn/mw690/6dd57921ly1fyt6dzcibjj20k017bjuc.jpg
https://tva1.sinaimg.cn/mw690/802e31b8ly1fyt4mile5yj21400u00xu.jpg
https://tva1.sinaimg.cn/mw690/006ahuzrly1fyt5558s3sj30kt09hgom.jpg
https://tva1.sinaimg.cn/mw690/006OBeunly1fyt7b0igmbj30u04uhu0y.jpg
https://tva1.sinaimg.cn/mw690/7e948b4dly1fyt5vamw0tj21oo0qo78b.jpg
https://tva1.sinaimg.cn/mw690/7e948b4dly1fyt5vaekykj21oi0qj42o.jpg
https://tva1.sinaimg.cn/mw690/7e948b4dly1fyt5va5risj21oj0qmjxf.jpg
https://tva1.sinaimg.cn/mw690/7e948b4dly1fyt5v9l2g0j21oh0qljtp.jpg
https://tva1.sinaimg.cn/mw690/7e948b4dly1fyt61e48etj21oe0qiwi8.jpg
https://tva1.sinaimg.cn/mw690/7e948b4dly1fyt5v9slwmj21oo0qyah3.jpg
https://tva1.sinaimg.cn/mw690/006OBeunly1fyt92o2ad2j30jg09wjsl.jpg
https://tva1.sinaimg.cn/mw690/006OBeunly1fyt9ko6mbzj30cs0csk0q.jpg
https://tva1.sinaimg.cn/mw690/006OBeunly1fyt8ag3qxhj30mj0u1b29.jpg
https://tva1.sinaimg.cn/mw690/006OBeunly1fyt9lqmt3lj30mj0mhb29.jpg
https://tva1.sinaimg.cn/mw690/006OBeunly1fyt8ixmvanj30mj0w5txf.jpg
https://tva1.sinaimg.cn/mw690/006OBeunly1fyt8oa3z1bj30mj0bsk7p.jpg
https://tva1.sinaimg.cn/mw690/006OBeunly1fyt8ognaq9j30mj0bgdx2.jpg
https://tva1.sinaimg.cn/mw690/006OBeunly1fyt8p6tx12j30mj0gwqod.jpg
https://tva1.sinaimg.cn/mw690/006OBeunly1fyt8sbc9n0j30mj0u1b29.jpg
https://tva1.sinaimg.cn/mw690/006OBeunly1fyt8sgtqmzj30jg0cn4cc.jpg
https://tva1.sinaimg.cn/mw690/006OBeunly1fyt835tf6nj30hs0z27u3.jpg
https://tva1.sinaimg.cn/mw690/006OBeunly1fyt861llkjj30cy0g4n83.jpg
https://tva1.sinaimg.cn/mw690/006OBeunly1fyt85y67k1j30cy0g6dqu.jpg
https://tva1.sinaimg.cn/mw690/006OBeunly1fyt85n1n8fj30iv0grgt2.jpg
https://tva1.sinaimg.cn/mw690/006OBeunly1fyt85kleqpj30mj0m7kh9.jpg
https://tva1.sinaimg.cn/mw690/006OBeunly1fyt82ajtd7j30mj0kzwz7.jpg
https://tva1.sinaimg.cn/mw690/006OBeunly1fyt85frj0aj30mj0s31ef.jpg
https://tva1.sinaimg.cn/mw690/006OBeunly1fyt82jufquj30mj0gmn4p.jpg
https://tva1.sinaimg.cn/mw690/006OBeunly1fyt8isv3wbj30mj0vv7ul.jpg
https://tva1.sinaimg.cn/mw690/006OBeunly1fyt8dd00cuj30ly0tuh0o.jpg
https://tva1.sinaimg.cn/mw690/006OBeunly1fyt8xdhbdqj30mj10knpd.jpg
https://tva1.sinaimg.cn/mw690/89ad7439jw1edzvl9cltpj20c5hlu4qt.jpg
https://tva1.sinaimg.cn/large/007awY0bly1g176ai3xscj30m60sctb7.jpg
https://tva1.sinaimg.cn/large/006D2xVlly1fyt78nmwrpg307g05ukf1.gif
https://tva1.sinaimg.cn/mw690/006OBeunly1fyt9v8kucgg30ao0dce8b.gif
https://tva1.sinaimg.cn/mw690/006OBeunly1fyt9uznqx8g30bq08skjq.gif
https://tva1.sinaimg.cn/mw690/006OBeunly1fyt9vbuwclg30dc0dc7wv.gif
https://tva1.sinaimg.cn/mw690/006OBeunly1fyt9vdvtwdg308l0are8f.gif
https://tva1.sinaimg.cn/mw690/006OBeunly1fyt9vhftqzg309z0cinpu.gif
https://tva1.sinaimg.cn/mw690/006OBeunly1fyt9v2c9ttg306y0c9npf.gif
https://tva1.sinaimg.cn/mw690/006OBeunly1fyt9v50n2qg307t0d6npg.gif
https://tva1.sinaimg.cn/mw690/006OBeunly1fyt9vgnlycg30f008g4r6.gif
https://tva1.sinaimg.cn/mw690/006OBeunly1fyt9v4c1tig30ce06y1l0.gif
https://tva1.sinaimg.cn/mw690/006OBeunly1fyt9wdnx3ng30b40dw1l3.gif
https://tva1.sinaimg.cn/mw690/006OBeunly1fyt9weclj6g306y0cc4qs.gif
https://tva1.sinaimg.cn/large/007awY0bly1ftk6nay2fsg301o01oglg.gif
https://tva1.sinaimg.cn/large/007awY0bly1g2oaya6trhj307i01x3yx.jpg
https://tva1.sinaimg.cn/large/007qbgWbly1g7hvebkkzfj30n202dtbd.jpg
https://tva1.sinaimg.cn/large/007awY0bgy1fytixlelouj30m80vch5j.jpg
https://tva1.sinaimg.cn/large/007awY0bgy1fytixhj87ij30xc0m5tjl.jpg
http://p2.qhimg.com/t01194c3856e5bfe5a3.jpg
http://p4.qhimg.com/t01f3456bbc93ed7a08.jpg
https://tva1.sinaimg.cn/large/007awY0bgy1fytixi3lg1j30m80rs14g.jpg
https://tva1.sinaimg.cn/large/007awY0bgy1fytixh64w4j30m80m8diw.jpg
https://tva1.sinaimg.cn/large/007awY0bgy1fytixi6g9uj30m80vc4a9.jpg
https://tva1.sinaimg.cn/large/007awY0bgy1fytixhfikqj30m80rsqc4.jpg
https://tva1.sinaimg.cn/large/007awY0bgy1fytixhfe1hj30m80rs47b.jpg
http://p6.qhimg.com/t0194167a399ca0dc44.jpg
https://tva1.sinaimg.cn/large/007awY0bgy1fytixi5oqlj30m80rsgx5.jpg
https://tva1.sinaimg.cn/large/007awY0bgy1fytixitc4ej30m80rstl0.jpg
https://tva1.sinaimg.cn/large/007awY0bgy1fytixhfq24j30m80q3qc4.jpg
https://tva1.sinaimg.cn/large/007awY0bgy1fytixiaa2pj30m80rsk2u.jpg
http://p4.qhimg.com/t019e4ee7fe55b150d0.jpg
https://tva1.sinaimg.cn/large/007awY0bgy1fytixjg5ubj30m80vcnfd.jpg
https://tva1.sinaimg.cn/large/007awY0bgy1fytixj20k7j30m80vd17v.jpg
https://tva1.sinaimg.cn/large/007awY0bgy1fytixk5efdj30xc0nidy7.jpg
https://tva1.sinaimg.cn/large/007awY0bgy1fytixj75h0j30m80vcwtu.jpg
https://tva1.sinaimg.cn/large/007awY0bgy1fytixjh8cuj30m80vc4gv.jpg
https://tva1.sinaimg.cn/large/007awY0bly1g176ai3xscj30m60sctb7.jpg
https://tva1.sinaimg.cn/large/007awY0bgy1fytj10cod0g30gg0abb29.gif
https://tva1.sinaimg.cn/large/007awY0bgy1fytj15ufggg30f10907wi.gif
https://tva1.sinaimg.cn/large/007awY0bgy1fytj184udmg30fd08s1kz.gif
https://tva1.sinaimg.cn/large/007awY0bgy1fytj14r6akg30g80bnkjm.gif
https://tva1.sinaimg.cn/large/007awY0bgy1fytj1brag5g30ai0bee83.gif
https://tva1.sinaimg.cn/large/007awY0bgy1fytj110diag30hl095u0x.gif
https://tva1.sinaimg.cn/large/007awY0bgy1fytj121k1sg30fh09a4qq.gif
https://tva1.sinaimg.cn/large/007awY0bgy1fytj1epgjrg30hq09cqv7.gif
http://p2.qhimg.com/t01598ea607a51f2ffc.gif
https://tva1.sinaimg.cn/large/007awY0bgy1fytj1b4m9hg30d70b1npf.gif
https://tva1.sinaimg.cn/large/007awY0bgy1fytj1704geg30bb08f1kz.gif
https://tva1.sinaimg.cn/large/007awY0bgy1fytj15dkrvg30dr092e82.gif
https://tva1.sinaimg.cn/large/007awY0bgy1fytj1fzsmqg30h40agu10.gif
https://tva1.sinaimg.cn/large/007awY0bgy1fytj17c852g30c20a57wi.gif
https://tva1.sinaimg.cn/large/007awY0bgy1fytj1439gcg30ew090hdu.gif
https://tva1.sinaimg.cn/large/007awY0bgy1fytj12x78bg306t04gqv5.gif
https://tva1.sinaimg.cn/large/007awY0bgy1fytj0ze7c6g306t04g1kx.gif
https://tva1.sinaimg.cn/large/007awY0bgy1fytj1ale2ig30dd0m8u10.gif
https://tva1.sinaimg.cn/large/007awY0bgy1fytj1f89xzg30dd0m81l3.gif
https://tva1.sinaimg.cn/large/007awY0bgy1fytj1wyd0ag30a207te82.gif
http://p6.qhimg.com/t01ea0196aba8e43a86.gif
http://p0.qhimg.com/t01daa122d8035f8d21.gif
http://p5.qhimg.com/t010f3b7737626a650f.gif
https://tva1.sinaimg.cn/large/007awY0bgy1fytiylpg5lg308p0a5x6r.gif
https://tva1.sinaimg.cn/large/007awY0bgy1fytiyimya9g309e0a3e83.gif
https://tva1.sinaimg.cn/large/007awY0bgy1fytiyf2iu5g309j0a61kz.gif
https://tva1.sinaimg.cn/large/007awY0bgy1fytiybu2nag30a606pdzq.gif
https://tva1.sinaimg.cn/large/007awY0bgy1fytiylpcl7g307u0a4kjm.gif
http://p7.qhimg.com/t0114b47227c1e0af5f.gif
http://p3.qhimg.com/t0145045c84446279e4.gif
https://tva1.sinaimg.cn/large/007awY0bgy1fytiybbmjjg305w0a67wh.gif
https://tva1.sinaimg.cn/large/007awY0bgy1fytiydgi1og305w0a6b2a.gif
https://tva1.sinaimg.cn/large/007awY0bgy1fytiylsjldg30820a7x6q.gif
https://tva1.sinaimg.cn/large/007awY0bgy1fytiykwyf3g309i0a8kjn.gif
https://tva1.sinaimg.cn/large/007awY0bgy1fytiyoxqikg309d0a3u0z.gif
https://tva1.sinaimg.cn/large/007awY0bgy1fytiyc9gnxg30a805r7wh.gif
https://tva1.sinaimg.cn/large/007awY0bly1ftk6nay2fsg301o01oglg.gif
-----------------------2019福利汇总第3期：阴暗的不是世界，是心-福利吧【140】-点赞-----------------------
https://tva1.sinaimg.cn/large/007awY0bly1g2oaya6trhj307i01x3yx.jpg
https://tva1.sinaimg.cn/large/007qbgWbly1g7hvebkkzfj30n202dtbd.jpg
https://tva1.sinaimg.cn/mw690/006BNqYCly1fyt9o77a3uj30mi0g2kfy.jpg
https://tva1.sinaimg.cn/mw690/006OBeunly1fyvjl26s9gj30mj0pe4qp.jpg
https://tva1.sinaimg.cn/mw690/006OBeunly1fyvjnvitxvj30ku0rs4fs.jpg
https://tva1.sinaimg.cn/mw690/006OBeunly1fyvjlkh0daj30mj1cgkgw.jpg
https://tva1.sinaimg.cn/mw690/006OBeunly1fyvjfmt1lij30mj0vw7wh.jpg
https://tva1.sinaimg.cn/mw690/006OBeunly1fyvjf11vz6j30jg0mz181.jpg
https://tva1.sinaimg.cn/mw690/006OBeunly1fyvjegmx6hj30mj0vwhdt.jpg
https://tva1.sinaimg.cn/mw690/006OBeunly1fyvje9w3myj30mj0s6e81.jpg
https://tva1.sinaimg.cn/mw690/006OBeunly1fyvjdjf3i3j30mi0r71kx.jpg
https://tva1.sinaimg.cn/mw690/006OBeunly1fyvj549p10j30mj0xmqqd.jpg
https://tva1.sinaimg.cn/mw690/006OBeunly1fyvj4wc6s3j30en0ptqen.jpg
https://tva1.sinaimg.cn/mw690/006OBeunly1fyvj6o62gxj30mj0cl7ra.jpg
https://tva1.sinaimg.cn/mw690/006OBeunly1fyvj7lbh6aj30mj0doqp3.jpg
https://tva1.sinaimg.cn/mw690/006OBeunly1fyvjbs956rj30mj0sz1kx.jpg
https://tva1.sinaimg.cn/mw690/006OBeunly1fyvj97dcf3j30m80m8dps.jpg
https://tva1.sinaimg.cn/mw690/006OBeunly1fyvj7vxb19j30ka0minjn.jpg
https://tva1.sinaimg.cn/mw690/006OBeunly1fyvj3q0w6mj30mj0hwdth.jpg
https://tva1.sinaimg.cn/mw690/006OBeunly1fyvjb1j4ikj30mj0f1qo7.jpg
https://tva1.sinaimg.cn/mw690/006OBeunly1fyvjjkr4r5j30mj0mjx5c.jpg
https://tva1.sinaimg.cn/mw690/006OBeunly1fyvjq2h3mvj30i20oo7jj.jpg
https://tva1.sinaimg.cn/mw690/006OBeunly1fyvjoloa13j30mj0mjqu0.jpg
https://tva1.sinaimg.cn/mw690/00638Brxly1fyuzb2hpa5j30xc0m7jvl.jpg
https://tva1.sinaimg.cn/mw690/00638Brxly1fyuzazs3rlj30wx0u0jxv.jpg
https://tva1.sinaimg.cn/mw690/006OBeunly1fyviiyaz21j30qo1lq4qq.jpg
https://tva1.sinaimg.cn/mw690/006OBeunly1fyvij1awhaj30qo1lqnpd.jpg
https://tva1.sinaimg.cn/mw690/7e948b4dly1fyuwq0r4tgj20ku2zltuc.jpg
https://tva1.sinaimg.cn/mw690/006OBeunly1fyvijmu36hj30t8cak7wi.jpg
https://tva1.sinaimg.cn/large/007awY0bly1g176ai3xscj30m60sctb7.jpg
https://tva1.sinaimg.cn/mw690/006OBeunly1fyvjte306pg30dc0dc4qw.gif
https://tva1.sinaimg.cn/mw690/006OBeunly1fyvjthx7iwg308w08wkjt.gif
https://tva1.sinaimg.cn/mw690/006OBeunly1fyvjtl4ecjg30dw0dwqvm.gif
https://tva1.sinaimg.cn/mw690/006OBeunly1fyvjtajb9dg30ao0dc7wm.gif
https://tva1.sinaimg.cn/mw690/006OBeunly1fyvjtmxsocg30dc07ikk3.gif
https://tva1.sinaimg.cn/mw690/006OBeunly1fyvjt2efd7g306y08o7wk.gif
https://tva1.sinaimg.cn/mw690/006OBeunly1fyvjtjikhrg30ao0dcnpr.gif
https://tva1.sinaimg.cn/mw690/006OBeunly1fyvjtkghzng30dc0dche9.gif
https://tva1.sinaimg.cn/large/007awY0bly1fyvw8ko1f3g308w054e85.gif
https://tva1.sinaimg.cn/mw690/006OBeunly1fyvjcw0b6dg30go09e4r2.gif
https://tva1.sinaimg.cn/large/007awY0bly1ftk6nay2fsg301o01oglg.gif
https://tva1.sinaimg.cn/large/007awY0bly1g2oaya6trhj307i01x3yx.jpg
https://tva1.sinaimg.cn/large/007qbgWbly1g7hvebkkzfj30n202dtbd.jpg
https://tva1.sinaimg.cn/large/007awY0bly1fyvwcoyzm1j30m80vrtqy.jpg
https://tva1.sinaimg.cn/large/007awY0bly1fyvwcosv8pj30m80m8n9y.jpg
https://tva1.sinaimg.cn/large/007awY0bly1fyvwcoo1xcj30m80tmdpj.jpg
https://tva1.sinaimg.cn/large/007awY0bly1fyvwcok4y2j30m80tmwls.jpg
https://tva1.sinaimg.cn/large/007awY0bly1fyvwcoqcimj30m80tm497.jpg
https://tva1.sinaimg.cn/large/007awY0bly1fyvwcorgwkj30m80tmwpd.jpg
https://tva1.sinaimg.cn/large/007awY0bly1fyvwcog9naj30m80xcjsg.jpg
https://tva1.sinaimg.cn/large/007awY0bly1fyvwcoiffpj30n00whq5s.jpg
https://tva1.sinaimg.cn/large/007awY0bly1fyvwcp12zfj30m813g4i4.jpg
https://tva1.sinaimg.cn/large/007awY0bly1fyvwcp4n4rj30m813ge44.jpg
https://tva1.sinaimg.cn/large/007awY0bly1fyvwcovnslj30m80m8amy.jpg
https://tva1.sinaimg.cn/large/007awY0bly1g176ai3xscj30m60sctb7.jpg
https://tva1.sinaimg.cn/large/007awY0bly1fyvwa1uh5fg30ci0ciu11.gif
https://tva1.sinaimg.cn/large/007awY0bly1fyvwa6zs97g30go09au12.gif
https://tva1.sinaimg.cn/large/007awY0bly1fyvwa59gmxg30ci09cnpi.gif
https://tva1.sinaimg.cn/large/007awY0bly1fyvwa2e217g30bp0jgkjp.gif
https://tva1.sinaimg.cn/large/007awY0bly1fyvwa9fof2g30a405nx6z.gif
https://tva1.sinaimg.cn/large/007awY0bly1fyvwa69eqbg30830a4kjs.gif
https://tva1.sinaimg.cn/large/007awY0bly1fyvw9hxw1kg30620a9wva.gif
http://p4.qhimg.com/t014e1e6bc8ac5afefd.gif
https://tva1.sinaimg.cn/large/007awY0bly1fyvw9vhhwwg309s0a4qv7.gif
https://tva1.sinaimg.cn/large/007awY0bly1fyvw9zkzb3g30a505nu0z.gif
https://tva1.sinaimg.cn/large/007awY0bly1fyvw9v8zp5g308g0a51kz.gif
https://tva1.sinaimg.cn/large/007awY0bly1fyvw9jwmdrg30670a7b29.gif
https://tva1.sinaimg.cn/large/007awY0bly1fyvw9n9nh4g307d0a7npd.gif
https://tva1.sinaimg.cn/large/007awY0bly1fyvw9n384rg30a107hkjl.gif
https://tva1.sinaimg.cn/large/007awY0bly1fyvw9isjexg30a705q7wh.gif
https://tva1.sinaimg.cn/large/007awY0bly1fyvw9jukbjg30a9060e81.gif
https://tva1.sinaimg.cn/large/007awY0bly1fyvw9igpelg30a705q7wh.gif
https://tva1.sinaimg.cn/large/007awY0bly1fyvw9vsrjkg30a505pnpf.gif
https://tva1.sinaimg.cn/large/007awY0bly1fyvw9s41tng306k0a7npe.gif
https://tva1.sinaimg.cn/large/007awY0bly1fyvw9oy9w2g306t0a7qv5.gif
https://tva1.sinaimg.cn/large/007awY0bly1fyvw9ou5y7g30a705qu0x.gif
https://tva1.sinaimg.cn/large/007awY0bly1fyvw9kblabg30680a4e81.gif
https://tva1.sinaimg.cn/large/007awY0bly1fyvw9jtfjzg30680a4b29.gif
https://tva1.sinaimg.cn/large/007awY0bly1fyvw9o4retg30670a3x6p.gif
https://tva1.sinaimg.cn/large/007awY0bly1fyvw9r3xi5g306p0a5b2a.gif
http://p3.qhimg.com/t018acf3ffd4d9cdd33.gif
http://p6.qhimg.com/t010c7f14779f45a959.gif
http://p7.qhimg.com/t013831cb491e090beb.gif
https://tva1.sinaimg.cn/large/007awY0bly1fyvw9m5ji9g305r0a8kjl.gif
https://tva1.sinaimg.cn/large/007awY0bly1fyvwblivyag305r0a8b2a.gif
https://tva1.sinaimg.cn/large/007awY0bly1fyvwbffsmog305r0a8npd.gif
http://p1.qhimg.com/t0170a092a0d6ac9778.gif
https://tva1.sinaimg.cn/large/007awY0bly1fyvwbal35bg307l0a81jc.gif
https://tva1.sinaimg.cn/large/007awY0bly1fyvwbi14ibg30a905p4qq.gif
https://tva1.sinaimg.cn/large/007awY0bly1fyvwba4ydmg30a504pdtb.gif
https://tva1.sinaimg.cn/large/007awY0bly1fyvwbaehv6g30a505oh3v.gif
https://tva1.sinaimg.cn/large/007awY0bly1fyvwbc4qgvg30a705qe81.gif
https://tva1.sinaimg.cn/large/007awY0bly1fyvwbmiv0dg308i0a2qv7.gif
https://tva1.sinaimg.cn/large/007awY0bly1fyvwblpx3vg308z0a5b2a.gif
https://tva1.sinaimg.cn/large/007awY0bly1fyvwbm2qilg30a40a4kjm.gif
https://tva1.sinaimg.cn/large/007awY0bly1fyvwbizzq7g30a40a4b2a.gif
https://tva1.sinaimg.cn/large/007awY0bly1fyvwbbpfrug30a40a4b29.gif
https://tva1.sinaimg.cn/large/007awY0bly1fyvwbfll0vg30a405oqv5.gif
https://tva1.sinaimg.cn/large/007awY0bly1fyvwbi6oa2g30a405ou0x.gif
https://tva1.sinaimg.cn/large/007awY0bly1fyvwbfqe50g30a405oqv5.gif
https://tva1.sinaimg.cn/large/007awY0bly1fyvwbad2y2g30a405otra.gif
https://tva1.sinaimg.cn/large/007awY0bly1fyvwbg55uug30a405ou0x.gif
https://tva1.sinaimg.cn/large/007awY0bly1fyvwbduqabg308t0a7e81.gif
https://tva1.sinaimg.cn/large/007awY0bly1fyvwblgvy5g307l0a7kjm.gif
https://tva1.sinaimg.cn/large/007awY0bly1fyvwbcqrepg30a705he81.gif
https://tva1.sinaimg.cn/large/007awY0bly1fyvwbenlcdg30a509cnpd.gif
https://tva1.sinaimg.cn/large/007awY0bly1fyvwbh9jfxg306y0a5x6p.gif
https://tva1.sinaimg.cn/large/007awY0bly1fyvwbdo7b7g30830a7npd.gif
https://tva1.sinaimg.cn/large/007awY0bly1ftk6nay2fsg301o01oglg.gif
-----------------------2019福利汇总第4期：神雕侠侣-福利吧【174】-点赞-----------------------
https://tva1.sinaimg.cn/large/007awY0bly1g2oaya6trhj307i01x3yx.jpg
https://tva1.sinaimg.cn/large/007qbgWbly1g7hvebkkzfj30n202dtbd.jpg
https://tva1.sinaimg.cn/mw690/006OBeunly1fyxud5v5pkj30mj0gw0yx.jpg
https://tva1.sinaimg.cn/mw690/006OBeunly1fyxu7m3i0nj30mj0ay18y.jpg
https://tva1.sinaimg.cn/mw690/006OBeunly1fyxu76tt4pj30mj0h37nf.jpg
https://tva1.sinaimg.cn/mw690/006OBeunly1fyxuo0w47tj30m80m1dzu.jpg
https://tva1.sinaimg.cn/mw690/006OBeunly1fyxumybi0dj30jg0yktvv.jpg
https://tva1.sinaimg.cn/mw690/006OBeunly1fyxumwpklkj30iv0oank0.jpg
https://tva1.sinaimg.cn/mw690/006OBeunly1fyxu8hpanlj30mj0mj1eq.jpg
https://tva1.sinaimg.cn/mw690/006OBeunly1fyxugg1fayj30mj0xhu0x.jpg
https://tva1.sinaimg.cn/mw690/006OBeunly1fyxuet8e6fj30g80swkf8.jpg
https://tva1.sinaimg.cn/mw690/006OBeunly1fyxueqeyvej30gs0dagzh.jpg
https://tva1.sinaimg.cn/mw690/006OBeunly1fyxu9sfrinj30m80et7dp.jpg
https://tva1.sinaimg.cn/mw690/006OBeunly1fyxu7oqcypj30m50f1gqg.jpg
https://tva1.sinaimg.cn/mw690/006OBeunly1fyxuii85y0j30mj0uk7wh.jpg
https://tva1.sinaimg.cn/mw690/006OBeunly1fyxuguqlgrj30mj0vw1kx.jpg
https://tva1.sinaimg.cn/mw690/006OBeunly1fyxtpmstgej30k006kwhd.jpg
https://tva1.sinaimg.cn/mw690/006OBeunly1fyxtpodtr2j30k00ctgp9.jpg
https://tva1.sinaimg.cn/mw690/006OBeunly1fyxu2hc05vj30h80m417q.jpg
https://tva1.sinaimg.cn/mw690/006OBeunly1fyxtz6yw59j30er0m7thi.jpg
https://tva1.sinaimg.cn/mw690/006OBeunly1fyxtusjofgj30hm0p77hr.jpg
https://tva1.sinaimg.cn/mw690/006OBeunly1fyxtu42kyrj30ju0qo4qp.jpg
https://tva1.sinaimg.cn/mw690/006OBeunly1fyxtk8bfvbj30u0140qv5.jpg
https://tva1.sinaimg.cn/mw690/006OBeunly1fyxtos8m25j30ll0hljuw.jpg
https://tva1.sinaimg.cn/mw690/006OBeunly1fyxu3igde3j30j60dstem.jpg
https://tva1.sinaimg.cn/mw690/006OBeunly1fyxu2s3gysj30om1hcnpd.jpg
https://tva1.sinaimg.cn/mw690/0067GdITgy1fyxeeuv4apj30ip0gtae1.jpg
https://tva1.sinaimg.cn/mw690/80500a68ly1fffdlssav4j20u00iugop.jpg
https://tva1.sinaimg.cn/mw690/0068nw98ly1fyx47uduiyj30cv3uwk4a.jpg
https://tva1.sinaimg.cn/large/007awY0bly1g176ai3xscj30m60sctb7.jpg
https://tva1.sinaimg.cn/large/006OBeunly1fyxust2t51g30mj0cke85.gif
https://tva1.sinaimg.cn/large/006D2xVlly1fyxrmggyvvg305k05eno3.gif
https://tva1.sinaimg.cn/large/75a0141ely1fyw458t60eg206o0afb2b.gif
https://tva1.sinaimg.cn/mw690/006OBeunly1fyxusuall7g306y0aphdz.gif
https://tva1.sinaimg.cn/mw690/006OBeunly1fyxusymctmg307i0dckjs.gif
https://tva1.sinaimg.cn/mw690/006OBeunly1fyxusx2b9fg30b30dce87.gif
https://tva1.sinaimg.cn/mw690/006OBeunly1fyxut0w00lg30go0gox75.gif
https://tva1.sinaimg.cn/mw690/006OBeunly1fyxuss4sjfg30cs0cskjo.gif
https://tva1.sinaimg.cn/mw690/006OBeunly1fyxusoaq8jg30ga095kjr.gif
https://tva1.sinaimg.cn/mw690/006OBeunly1fyxussjd8eg30dc091e87.gif
https://tva1.sinaimg.cn/mw690/006OBeunly1fyxusy219yg30cs070u15.gif
https://tva1.sinaimg.cn/mw690/006OBeunly1fyxuto8c6vg307408wx6w.gif
https://tva1.sinaimg.cn/mw690/006OBeunly1fyxutrx770g30b40gj4r6.gif
https://tva1.sinaimg.cn/mw690/006OBeunly1fyxutj41mrg30bl065hdt.gif
https://tva1.sinaimg.cn/mw690/006OBeunly1fyxutkohdyg30go09eqvd.gif
https://tva1.sinaimg.cn/mw690/006OBeunly1fyxutfeookg3096096npn.gif
https://tva1.sinaimg.cn/mw690/006OBeunly1fyxtpvvk4vg308c046b29.gif
https://tva1.sinaimg.cn/large/007awY0bly1ftk6nay2fsg301o01oglg.gif
https://tva1.sinaimg.cn/large/007awY0bly1g2oaya6trhj307i01x3yx.jpg
https://tva1.sinaimg.cn/large/007qbgWbly1g7hvebkkzfj30n202dtbd.jpg
https://tva1.sinaimg.cn/large/007awY0bly1fyy85ioedyj30xc0m8nay.jpg
https://tva1.sinaimg.cn/large/007awY0bly1fyy85ibwllj30xc0p0n85.jpg
https://tva1.sinaimg.cn/large/007awY0bly1fyy85i07f1j30xc0p0k1a.jpg
https://tva1.sinaimg.cn/large/007awY0bly1fyy85jmg9qj30xc0m6wuh.jpg
https://tva1.sinaimg.cn/large/007awY0bly1fyy85il75gj30m813lqfn.jpg
https://tva1.sinaimg.cn/large/007awY0bly1fyy85i77tsj30xc0p0n8a.jpg
https://tva1.sinaimg.cn/large/007awY0bly1fyy85i9ak1j30m80tm7fh.jpg
https://tva1.sinaimg.cn/large/007awY0bly1fyy85i6h0sj30m80tmqcu.jpg
http://p8.qhimg.com/t0196387d214619e3f5.jpg
https://tva1.sinaimg.cn/large/007awY0bly1fyy85ipzf4j30m80tm15x.jpg
https://tva1.sinaimg.cn/large/007awY0bly1fyy85k0calj30xc0m67im.jpg
https://tva1.sinaimg.cn/large/007awY0bly1fyy85iruknj30m80s4157.jpg
https://tva1.sinaimg.cn/large/007awY0bly1fyy85judnfj30xc0p04d9.jpg
https://tva1.sinaimg.cn/large/007awY0bly1fyy85ir9m6j30xc0p0qf9.jpg
https://tva1.sinaimg.cn/large/007awY0bly1fyy85l4ke5j30xc18hkbz.jpg
https://tva1.sinaimg.cn/large/007awY0bly1fyy85lc13jj30xc1ndtw5.jpg
http://p8.qhimg.com/t0164b05040010e20dc.jpg
https://tva1.sinaimg.cn/large/007awY0bly1fyy85jee3yj30xc0p0naq.jpg
https://tva1.sinaimg.cn/large/007awY0bly1fyy85jjlgaj30xc0p0k4m.jpg
https://tva1.sinaimg.cn/large/007awY0bly1fyy85k1m5rj30m80tltn5.jpg
https://tva1.sinaimg.cn/large/007awY0bly1fyy85jol8dj30m80k3an9.jpg
https://tva1.sinaimg.cn/large/007awY0bly1fyy85l69vxj30xc15o1g7.jpg
https://tva1.sinaimg.cn/large/007awY0bly1fyy85kgqizj30m80p2qhg.jpg
http://p7.qhimg.com/t019d28ec919d3d1ef0.jpg
https://tva1.sinaimg.cn/large/007awY0bly1fyy85iq4mxj30xc0p0gvy.jpg
https://tva1.sinaimg.cn/large/007awY0bly1fyy85kvg5nj30m813htph.jpg
https://tva1.sinaimg.cn/large/007awY0bly1fyy85jnll5j30m80sztmk.jpg
https://tva1.sinaimg.cn/large/007awY0bly1fyy85kitkpj30m80sznba.jpg
http://p6.qhimg.com/t01ed334f52aa750806.jpg
https://tva1.sinaimg.cn/large/007awY0bly1g176ai3xscj30m60sctb7.jpg
https://tva1.sinaimg.cn/large/007awY0bly1fyy84iqk04g30a505p17z.gif
https://tva1.sinaimg.cn/large/007awY0bly1fyy84irbjog30a605qapa.gif
https://tva1.sinaimg.cn/large/007awY0bly1fyy84pf7b9g305p0a6x6r.gif
https://tva1.sinaimg.cn/large/007awY0bly1fyy84op9i1g309c0a77wi.gif
https://tva1.sinaimg.cn/large/007awY0bly1fyy84j91zpg307r0a5hct.gif
http://p9.qhimg.com/t01813177fb2fee54e8.gif
https://tva1.sinaimg.cn/large/007awY0bly1fyy84j6tsbg30710a87wh.gif
https://tva1.sinaimg.cn/large/007awY0bly1fyy84kjhh4g308c0a4hdt.gif
https://tva1.sinaimg.cn/large/007awY0bly1fyy84lxs7dg308r0a8u0x.gif
https://tva1.sinaimg.cn/large/007awY0bly1fyy84om1b1g307a0a8b2a.gif
https://tva1.sinaimg.cn/large/007awY0bly1fyy84ls1epg307p0a64qp.gif
https://tva1.sinaimg.cn/large/007awY0bly1fyy84kmjkdg30630a6b29.gif
https://tva1.sinaimg.cn/large/007awY0bly1fyy84p1xnxg30850a6b2a.gif
https://tva1.sinaimg.cn/large/007awY0bly1fyy84p8veeg30850a6npe.gif
https://tva1.sinaimg.cn/large/007awY0bly1fyy84lyrvig305e0a5qv5.gif
https://tva1.sinaimg.cn/large/007awY0bly1fyy84lffbcg30a5093kjl.gif
https://tva1.sinaimg.cn/large/007awY0bly1fyy857y9fjg30b40fmnpd.gif
https://tva1.sinaimg.cn/large/007awY0bly1fyy85cfgirg30a80cmqva.gif
https://tva1.sinaimg.cn/large/007awY0bly1fyy85c3y82g30e008ihdy.gif
https://tva1.sinaimg.cn/large/007awY0bly1fyy8551o16g30go0go4qp.gif
https://tva1.sinaimg.cn/large/007awY0bly1fyy85dflbpg30mj0cokjt.gif
https://tva1.sinaimg.cn/large/007awY0bly1fyy859akxug30be0km7wj.gif
https://tva1.sinaimg.cn/large/007awY0bly1fyy85a8xupg30jg0864qq.gif
https://tva1.sinaimg.cn/large/007awY0bly1fyy855ktvig306t09q1ky.gif
https://tva1.sinaimg.cn/large/007awY0bly1ftk6nay2fsg301o01oglg.gif
-----------------------2019福利汇总第5期：暖热你好嘛？-福利吧【197】-点赞-----------------------
https://tva1.sinaimg.cn/large/007awY0bly1g2oaya6trhj307i01x3yx.jpg
https://tva1.sinaimg.cn/large/007qbgWbly1g7hvebkkzfj30n202dtbd.jpg
https://tva1.sinaimg.cn/mw690/006OBeunly1fz05xrleyvj30xc0jw17r.jpg
https://tva1.sinaimg.cn/mw690/006v119zgy1fyz0ajb7v4j30k01400v4.jpg
https://tva1.sinaimg.cn/mw690/a0fae7b2gy1fyz32prjnzj20po0yt7wh.jpg
https://tva1.sinaimg.cn/mw690/a0fae7b2gy1fyz32pkhdjj208408774h.jpg
https://tva1.sinaimg.cn/mw690/a3f7876fly1fyy91wgahpj20p20v779z.jpg
https://tva1.sinaimg.cn/mw690/006OBeunly1fz04jmmh8gj30p20o21kf.jpg
https://tva1.sinaimg.cn/mw690/006OBeunly1fz04asjmvdj30yi0nltn8.jpg
https://tva1.sinaimg.cn/mw690/006OBeunly1fz0478h30ej30ie0zowog.jpg
https://tva1.sinaimg.cn/mw690/61e692a7gy1fyzdduogwwj20ik0lk0vq.jpg
https://tva1.sinaimg.cn/mw690/006OBeunly1fz04we1setj30lo0lc1kx.jpg
https://tva1.sinaimg.cn/mw690/006OBeunly1fz04x4cgfdj30hs0n6to6.jpg
https://tva1.sinaimg.cn/mw690/006OBeunly1fz04x6zggbj30mj0r3apu.jpg
https://tva1.sinaimg.cn/mw690/006OBeunly1fz04wx1aepj30gs0df41t.jpg
https://tva1.sinaimg.cn/mw690/006OBeunly1fz04wt053vj30mj0xux6p.jpg
https://tva1.sinaimg.cn/mw690/006OBeunly1fz04waj3d6j30hs09lwm8.jpg
https://tva1.sinaimg.cn/mw690/006OBeunly1fz05ctzbryj30mj0p6b29.jpg
https://tva1.sinaimg.cn/mw690/006OBeunly1fz050oampej30mj0u14qp.jpg
https://tva1.sinaimg.cn/mw690/006OBeunly1fz053qeyi1j30mj0s91kx.jpg
https://tva1.sinaimg.cn/mw690/006OBeunly1fz05581tinj30mj0v8npd.jpg
https://tva1.sinaimg.cn/large/007awY0bly1g176ai3xscj30m60sctb7.jpg
https://tva1.sinaimg.cn/mw690/006OBeunly1fz04pipcmpg308w0507wh.gif
https://tva1.sinaimg.cn/mw690/006OBeunly1fz05k0tg2rg304o07jnpl.gif
https://tva1.sinaimg.cn/mw690/006OBeunly1fz05jkc9meg307i0dcx6r.gif
https://tva1.sinaimg.cn/mw690/006OBeunly1fz05jsk8mdg30dw0dwx76.gif
https://tva1.sinaimg.cn/mw690/006OBeunly1fz05jotkyyg30go0b4x6w.gif
https://tva1.sinaimg.cn/mw690/006OBeunly1fz05jp1qpfg30bd05y4qw.gif
https://tva1.sinaimg.cn/mw690/006OBeunly1fz05jgkeadg30800a0e83.gif
https://tva1.sinaimg.cn/mw690/006OBeunly1fz05jq1o0qg30go09d4qx.gif
https://tva1.sinaimg.cn/mw690/006OBeunly1fz05jldplcg306y08ob2c.gif
https://tva1.sinaimg.cn/mw690/006OBeunly1fz05kqnjb0g30b4067qvf.gif
https://tva1.sinaimg.cn/mw690/006OBeunly1fz05koxrjwg306k0boe8a.gif
https://tva1.sinaimg.cn/mw690/006OBeunly1fz05kcpv1bg30ci086hdv.gif
https://tva1.sinaimg.cn/mw690/006OBeunly1fz05kf9bghg30b40b44qt.gif
https://tva1.sinaimg.cn/mw690/006OBeunly1fz05knp82fg308g0ake89.gif
https://tva1.sinaimg.cn/mw690/006OBeunly1fz05kkn0ldg30b40b4u13.gif
https://tva1.sinaimg.cn/mw690/006OBeunly1fz05kmxabtg30b40681l5.gif
https://tva1.sinaimg.cn/mw690/006OBeunly1fz05kj3tnog30b4068npi.gif
https://tva1.sinaimg.cn/mw690/006OBeunly1fz05kn2ymrg30780cuqvb.gif
https://tva1.sinaimg.cn/mw690/006OBeunly1fz05lbjov9g30aw0frkjz.gif
https://tva1.sinaimg.cn/mw690/006OBeunly1fz05l50ajug307i0dc7wo.gif
https://tva1.sinaimg.cn/mw690/006OBeunly1fz05ld1h0vg307i0dche7.gif
https://tva1.sinaimg.cn/mw690/006OBeunly1fz05l2edvtg30go0go4qt.gif
https://tva1.sinaimg.cn/large/007awY0bly1ftk6nay2fsg301o01oglg.gif
https://tva1.sinaimg.cn/large/007awY0bly1g2oaya6trhj307i01x3yx.jpg
https://tva1.sinaimg.cn/large/007qbgWbly1g7hvebkkzfj30n202dtbd.jpg
https://tva1.sinaimg.cn/large/007awY0bly1fz0d26ybo3j30m80m8q82.jpg
https://tva1.sinaimg.cn/large/007awY0bly1fz0d27vatwj30m80xbqch.jpg
https://tva1.sinaimg.cn/large/007awY0bly1fz0d27zsvhj30m80r1n7l.jpg
https://tva1.sinaimg.cn/large/007awY0bly1fz0d2cn00aj30m80xcwvz.jpg
https://tva1.sinaimg.cn/large/007awY0bly1fz0d2a1gdtj30m80xctmq.jpg
http://p2.qhimg.com/t01b48520c566bbf892.jpg
https://tva1.sinaimg.cn/large/007awY0bly1fz0d281j8uj30m80mgk27.jpg
https://tva1.sinaimg.cn/large/007awY0bly1fz0d2b3g2oj30m80tmtns.jpg
https://tva1.sinaimg.cn/large/007awY0bly1fz0d28t4fuj30m80xc4a7.jpg
https://tva1.sinaimg.cn/large/007awY0bly1fz0d2cn64hj30m80tm7kf.jpg
https://tva1.sinaimg.cn/large/007awY0bly1fz0d29idhaj30m80m8dst.jpg
https://tva1.sinaimg.cn/large/007awY0bly1fz0d2aecpej30m80m815j.jpg
https://tva1.sinaimg.cn/large/007awY0bly1fz0d27fa5dj30m80tl488.jpg
https://tva1.sinaimg.cn/large/007awY0bly1fz0d27iv1xj30m80vf486.jpg
https://tva1.sinaimg.cn/large/007awY0bly1fz0d2b6s2kj30m80xddup.jpg
https://tva1.sinaimg.cn/large/007awY0bly1fz0d2aiztfj30xc0m716z.jpg
https://tva1.sinaimg.cn/large/007awY0bly1fz0d2a62iuj30xc0m74bx.jpg
https://tva1.sinaimg.cn/large/007awY0bly1fz0d27lbc4j30m80rsk0s.jpg
https://tva1.sinaimg.cn/large/007awY0bly1fz0d271yn5j30m80rsaho.jpg
https://tva1.sinaimg.cn/large/007awY0bly1fz0d27e0u2j30m80rsdo4.jpg
http://p5.qhimg.com/t01d81c4c9df2348c99.jpg
https://tva1.sinaimg.cn/large/007awY0bly1fz0d271umrj30m80xc7bh.jpg
https://tva1.sinaimg.cn/large/007awY0bly1fz0d28tqwwj30m80m8qez.jpg
https://tva1.sinaimg.cn/large/007awY0bly1fz0d2cmh8nj30m80tmqk7.jpg
https://tva1.sinaimg.cn/large/007awY0bly1fz0d28hgqlj30m80tmgxp.jpg
https://tva1.sinaimg.cn/large/007awY0bly1fz0d2935rjj30m80xaqee.jpg
https://tva1.sinaimg.cn/large/007awY0bly1fz0d2cx314j30m80v64e8.jpg
https://tva1.sinaimg.cn/large/007awY0bly1fz0d2909mlj30m80xdk3d.jpg
https://tva1.sinaimg.cn/large/007awY0bly1fz0d29j50qj30m80xc13r.jpg
https://tva1.sinaimg.cn/large/007awY0bly1fz0d27k4xgj30m80xck11.jpg
https://tva1.sinaimg.cn/large/007awY0bly1fz0d2937j2j30m80xcwpa.jpg
https://tva1.sinaimg.cn/large/007awY0bly1fz0d27oy5sj30m80gnguk.jpg
https://tva1.sinaimg.cn/large/007awY0bly1fz0d27r1jpj30m80m8n7e.jpg
https://tva1.sinaimg.cn/large/007awY0bly1fz0d2cl7lfj30m80tmh1u.jpg
https://tva1.sinaimg.cn/large/007awY0bly1fz0d2a1iwej30xc0p1an6.jpg
https://tva1.sinaimg.cn/large/007awY0bly1fz0d29ign5j30m80tmalc.jpg
https://tva1.sinaimg.cn/large/007awY0bly1fz0d2a1vszj30m80x14bt.jpg
https://tva1.sinaimg.cn/large/007awY0bly1fz0d2bb2o7j30m80wonb4.jpg
https://tva1.sinaimg.cn/large/007awY0bly1fz0d2cxpzoj30xc0p0dw6.jpg
https://tva1.sinaimg.cn/large/007awY0bly1fz0d2c433fj30xc0p04dn.jpg
https://tva1.sinaimg.cn/large/007awY0bly1fz0d2au8eqj30m80tmnca.jpg
https://tva1.sinaimg.cn/large/007awY0bly1fz0d2bo31sj30m80tm187.jpg
https://tva1.sinaimg.cn/large/007awY0bly1fz0d2c1oerj30xc0p0wu1.jpg
https://tva1.sinaimg.cn/large/007awY0bly1fz0d27q2qjj30xc0ir477.jpg
https://tva1.sinaimg.cn/large/007awY0bly1fz0d27uyowj30xc0irdos.jpg
https://tva1.sinaimg.cn/large/007awY0bly1fz0d27mkwjj30xc0irgu6.jpg
https://tva1.sinaimg.cn/large/007awY0bly1fz0d29ldxbj30m80xcaky.jpg
https://tva1.sinaimg.cn/large/007awY0bly1fz0d2ahv11j30m80xck4e.jpg
https://tva1.sinaimg.cn/large/007awY0bly1fz0d27uqhij30xc0m87dn.jpg
https://tva1.sinaimg.cn/large/007awY0bly1fz0d26z4jzj30m80euaf4.jpg
https://tva1.sinaimg.cn/large/007awY0bly1fz0d2829m8j30m80tlthx.jpg
http://p4.qhimg.com/t0105b4404984dc8469.jpg
https://tva1.sinaimg.cn/large/007awY0bly1fz0d277g90j30xc0m8dms.jpg
https://tva1.sinaimg.cn/large/007awY0bly1fz0d277dy6j30m80xcgsg.jpg
https://tva1.sinaimg.cn/large/007awY0bly1fz0d27xx6jj30xc0m8gul.jpg
https://tva1.sinaimg.cn/large/007awY0bly1fz0d27bd3zj30xc0m8jz9.jpg
https://tva1.sinaimg.cn/large/007awY0bly1fz0d2c1kaaj30m80tm4d4.jpg
https://tva1.sinaimg.cn/large/007awY0bly1fz0d2eeet1j30mj0tc4qp.jpg
http://p3.qhimg.com/t01923ace716d7d1c5c.jpg
https://tva1.sinaimg.cn/large/007awY0bly1fz0d2cukkuj30mj0zugoa.jpg
https://tva1.sinaimg.cn/large/007awY0bly1fz0d2cttflj30ij0p0juj.jpg
https://tva1.sinaimg.cn/large/007awY0bly1fz0d2ctno2j30ij0p076k.jpg
https://tva1.sinaimg.cn/large/007awY0bly1fz0d2dveb2j30oz0xctgg.jpg
https://tva1.sinaimg.cn/large/007awY0bly1fz0d2cyzb8j30nu0xcac1.jpg
https://tva1.sinaimg.cn/large/007awY0bly1fz0d2dn4mjj30ku0i7qcw.jpg
https://tva1.sinaimg.cn/large/007awY0bly1fz0d2ds5ekj30mi0vu7gb.jpg
https://tva1.sinaimg.cn/large/007awY0bly1fz0d2czpx7j30mj0catbb.jpg
https://tva1.sinaimg.cn/large/007awY0bly1fz0d2e42i1j30mj0z7tm3.jpg
https://tva1.sinaimg.cn/large/007awY0bly1fz0d2dbyeoj30mj0xr786.jpg
https://tva1.sinaimg.cn/large/007awY0bly1fz0d2d79i9j30mj0s6dje.jpg
https://tva1.sinaimg.cn/large/007awY0bly1fz0d2d29j3j30jw0xcq54.jpg
https://tva1.sinaimg.cn/large/007awY0bly1fz0d2dbzosj30mj0t5gox.jpg
https://tva1.sinaimg.cn/large/007awY0bly1fz0d2d43egj30kn0vw775.jpg
http://p2.qhimg.com/t01edeac254ffff8286.jpg
https://tva1.sinaimg.cn/large/007awY0bly1fz0d2d63ftj30mj0wngo7.jpg
https://tva1.sinaimg.cn/large/007awY0bly1fz0d2d2gscj30mj0vxgn6.jpg
https://tva1.sinaimg.cn/large/007awY0bly1fz0d2d46xqj30m80riwhi.jpg
https://tva1.sinaimg.cn/large/007awY0bly1fz0d2d3yzgj30mj0ge41e.jpg
https://tva1.sinaimg.cn/large/007awY0bly1fz0d2djvsgj30mj12edlb.jpg
https://tva1.sinaimg.cn/large/007awY0bly1g176ai3xscj30m60sctb7.jpg
https://tva1.sinaimg.cn/mw690/006OBeunly1fz05lb5ydwg305m0a0npk.gif
http://p2.qhimg.com/t01696384d64c3f2a60.gif
https://tva1.sinaimg.cn/large/007awY0bly1ftk6nay2fsg301o01oglg.gif
-----------------------2019福利汇总第143期：小鹿乱撞-福利吧【39】-点赞-----------------------
https://tva1.sinaimg.cn/large/007awY0bly1g2oaya6trhj307i01x3yx.jpg
https://tva1.sinaimg.cn/large/007qbgWbly1g7hvebkkzfj30n202dtbd.jpg
https://tva1.sinaimg.cn/mw690/006OBeunly1g839c9h8skj30p00irabq.jpg
https://tva1.sinaimg.cn/mw690/006OBeunly1g83a2fgkxoj30n00xqmze.jpg
https://tva1.sinaimg.cn/mw690/006OBeunly1g839ctlwu7j30k00f0k07.jpg
https://tva1.sinaimg.cn/mw690/006OBeunly1g839dt1ncmj30fb0fxq4k.jpg
https://tva1.sinaimg.cn/mw690/006OBeunly1g839dt6bxdj30lx0m8wif.jpg
https://tva1.sinaimg.cn/mw690/006OBeunly1g839dm2ekuj30mj0gwabw.jpg
https://tva1.sinaimg.cn/mw690/006OBeunly1g839dm2a8zj30le123jwb.jpg
https://tva1.sinaimg.cn/large/007awY0bly1g176ai3xscj30m60sctb7.jpg
https://tva1.sinaimg.cn/mw690/006OBeunly1g83a2m4qcag307y0e5e8h.gif
https://tva1.sinaimg.cn/mw690/006OBeunly1g83a2h3tw0g309s09sx6t.gif
https://tva1.sinaimg.cn/mw690/006OBeunly1g839dy7u3kg30f00hs7wt.gif
https://tva1.sinaimg.cn/mw690/006OBeunly1g839dz9toig309q05kkjz.gif
https://tva1.sinaimg.cn/mw690/006OBeunly1g839dt1huig30bv08wkjs.gif
https://tva1.sinaimg.cn/mw690/006OBeunly1g839d1gqtyg30b40b44qu.gif
https://tva1.sinaimg.cn/mw690/006OBeunly1g839cwt5pog30cs0cskjn.gif
https://tva1.sinaimg.cn/mw690/006OBeunly1g839cwlzkag30cc06yb2c.gif
https://tva1.sinaimg.cn/mw690/006OBeunly1g839dagqi1g30dc0dc4r6.gif
https://tva1.sinaimg.cn/mw690/006OBeunly1g839d3zub1g30dc0dcb2g.gif
https://tva1.sinaimg.cn/mw690/006OBeunly1g839d7uwqkg30b40b47wu.gif
https://tva1.sinaimg.cn/mw690/006OBeunly1g839d7elhzg309h094kjm.gif
https://tva1.sinaimg.cn/large/007awY0bly1ftk6nay2fsg301o01oglg.gif
https://tva1.sinaimg.cn/large/007awY0bly1g2oaya6trhj307i01x3yx.jpg
https://tva1.sinaimg.cn/large/007qbgWbly1g7hvebkkzfj30n202dtbd.jpg
https://tva1.sinaimg.cn/mw690/006OBeunly1g839dm3v9xj30mj0mz41c.jpg
https://tva1.sinaimg.cn/large/007qbgWbgy1g83i2hzw6vj30p00xcgrn.jpg
https://tva1.sinaimg.cn/large/007qbgWbgy1g83i2igmcuj30p00jd77k.jpg
https://tva1.sinaimg.cn/large/007qbgWbgy1g83i2izturj30p00xcte4.jpg
https://tva1.sinaimg.cn/large/007awY0bly1g176ai3xscj30m60sctb7.jpg
https://tva1.sinaimg.cn/large/007qbgWbgy1g83huw4ljeg30a505a4ah.gif
https://p.ssl.qhimg.com/t012f9beb60a90e5cf2.gif
https://p.ssl.qhimg.com/t01135442be1e5bc8fd.gif
https://p.ssl.qhimg.com/t01361e42bd3899a6f0.gif
https://tva1.sinaimg.cn/large/007qbgWbgy1g83hv414lyg30a506r1ky.gif
https://p.ssl.qhimg.com/t01e8c45be4f0b14aee.gif
https://tva1.sinaimg.cn/large/007qbgWbgy1g83hv9fhfig30840a5b2c.gif
https://p.ssl.qhimg.com/t01855f3ab3f6620929.gif
https://p.ssl.qhimg.com/t0131158fafd2ca573c.gif
https://tva1.sinaimg.cn/large/007qbgWbgy1g83hvjw9pjg30a506f1l2.gif
https://tva1.sinaimg.cn/large/007qbgWbgy1g83hvlx6pyg30a00a4u0x.gif
https://p.ssl.qhimg.com/t0112dbcb906c648d2d.gif
https://p.ssl.qhimg.com/t01483f519321bc35e4.gif
https://p.ssl.qhimg.com/t019b4d111d0a3589a1.gif
https://p.ssl.qhimg.com/t01324f91593d8f1ae9.gif
https://p.ssl.qhimg.com/t01f7ea4edf768f1c2c.gif
https://tva1.sinaimg.cn/large/007qbgWbgy1g83hvvudfng30a506r1ky.gif
https://p.ssl.qhimg.com/t01277fece03463bafc.gif
https://p.ssl.qhimg.com/t017eca831665f508ef.gif
https://p.ssl.qhimg.com/t0107674db754720937.gif
https://tva1.sinaimg.cn/large/007qbgWbgy1g83hw3nedcg30a606sb29.gif
https://tva1.sinaimg.cn/large/007qbgWbgy1g83hw4h4k8g30a6048awi.gif
https://p.ssl.qhimg.com/t011a423d55f7b55ed7.gif
https://tva1.sinaimg.cn/large/007qbgWbgy1g83hw6vmpgg30a307jx64.gif
https://tva1.sinaimg.cn/large/007qbgWbgy1g83hw8d626g308h0a2e81.gif
https://p.ssl.qhimg.com/t01d0113513b25dc9f7.gif
https://p.ssl.qhimg.com/t017ee26827a05af362.gif
https://p.ssl.qhimg.com/t01e7b553003c18c0e4.gif
https://p.ssl.qhimg.com/t01bef4baf96fccbffe.gif
https://p.ssl.qhimg.com/t01485735a86bba7926.gif
https://tva1.sinaimg.cn/large/007qbgWbgy1g83hwk5mrxg30a204okjm.gif
https://tva1.sinaimg.cn/large/007qbgWbgy1g83hwnyrbog30a4075x6p.gif
https://tva1.sinaimg.cn/large/007qbgWbgy1g83hwotr27g30a40751cy.gif
https://tva1.sinaimg.cn/large/007qbgWbgy1g83hwpttlhg30a505oqtm.gif
https://p.ssl.qhimg.com/t011e068519866e0fe2.gif
https://p.ssl.qhimg.com/t01a824756eee1e84b6.gif
https://p.ssl.qhimg.com/t015e79ed38094ababd.gif
https://p.ssl.qhimg.com/t01fce18d031d876dcf.gif
https://p.ssl.qhimg.com/t01131f3a6ed06a2de0.gif
https://p.ssl.qhimg.com/t011d60985351b82d78.gif
https://p.ssl.qhimg.com/t010b1c1efaca589e18.gif
http://www.xoimg.club/u/20191019/15150556.gif
https://tva1.sinaimg.cn/large/007qbgWbgy1g83hxkpbgxg30a507a1j2.gif
https://tva1.sinaimg.cn/large/007qbgWbgy1g83hxm3g4ag30a505s7wh.gif
https://p.ssl.qhimg.com/t016950725b614b67f2.gif
https://tva1.sinaimg.cn/large/007qbgWbgy1g83hxt57urg30a506z7wi.gif
https://tva1.sinaimg.cn/large/007qbgWbgy1g83hxv6528g309q0a54qq.gif
https://tva1.sinaimg.cn/large/007awY0bly1ftk6nay2fsg301o01oglg.gif
-----------------------2019福利汇总第142期：玛格丽特-福利吧【106】-点赞-----------------------
https://tva1.sinaimg.cn/large/007awY0bly1g2oaya6trhj307i01x3yx.jpg
https://tva1.sinaimg.cn/large/007qbgWbly1g7hvebkkzfj30n202dtbd.jpg
https://tva1.sinaimg.cn/mw690/006OBeunly1g80zjvqz12j30mj0co3yq.jpg
https://tva1.sinaimg.cn/mw690/006OBeunly1g80zhhes12j30jp0kamy5.jpg
https://tva1.sinaimg.cn/mw690/006OBeunly1g80zhhsltuj30sg0z5td4.jpg
https://tva1.sinaimg.cn/mw690/006OBeunly1g80zhhnh8hj30r91120x0.jpg
https://tva1.sinaimg.cn/mw690/006OBeunly1g80zhhnh90j30n00n0q6f.jpg
https://tva1.sinaimg.cn/mw690/006OBeunly1g80zhhnykcj30xc0m1jv9.jpg
https://tva1.sinaimg.cn/mw690/006OBeunly1g80zis2e99j30mj14276v.jpg
https://tva1.sinaimg.cn/mw690/006OBeunly1g80zjivurlj30k00qo75f.jpg
https://tva1.sinaimg.cn/mw690/006OBeunly1g80zjix8g7j30k814hwnk.jpg
https://tva1.sinaimg.cn/mw690/006OBeunly1g80zjixyf8j30mj0mj3zr.jpg
https://tva1.sinaimg.cn/mw690/006OBeunly1g80zhhiawrj30jp1xydn5.jpg
https://tva1.sinaimg.cn/mw690/006OBeunly1g80zhhf8atj30jp1xy7bs.jpg
https://tva1.sinaimg.cn/large/007awY0bly1g176ai3xscj30m60sctb7.jpg
https://tva1.sinaimg.cn/mw690/006OBeunly1g80zhvnyiag30ao0dche0.gif
https://tva1.sinaimg.cn/mw690/006OBeunly1g80zj4m1keg30go09ee8g.gif
https://tva1.sinaimg.cn/mw690/006OBeunly1g80zj29tvhg30b40jpnpj.gif
https://tva1.sinaimg.cn/mw690/006OBeunly1g80zizfotzg307d08cx6r.gif
https://tva1.sinaimg.cn/mw690/006OBeunly1g80zj1y0x9g30dc0dcqvc.gif
https://tva1.sinaimg.cn/mw690/006OBeunly1g80ziysg6wg30dc0dc1lb.gif
https://tva1.sinaimg.cn/mw690/006OBeunly1g80zilhblrg306y06ykjn.gif
https://tva1.sinaimg.cn/mw690/006OBeunly1g80ziq3srsg30dc0dcx6v.gif
https://tva1.sinaimg.cn/mw690/006OBeunly1g80zipwithg30a80cse84.gif
https://tva1.sinaimg.cn/large/006OBeunly1g80zhsxdpsg307t0dwx6r.gif
https://tva1.sinaimg.cn/large/007awY0bly1ftk6nay2fsg301o01oglg.gif
-----------------------2019福利汇总第142期：玛格丽特-福利吧【106】-点赞-----------------------
https://tva1.sinaimg.cn/large/007awY0bly1g2oaya6trhj307i01x3yx.jpg
https://tva1.sinaimg.cn/large/007qbgWbly1g7hvebkkzfj30n202dtbd.jpg
https://tva1.sinaimg.cn/mw690/006OBeunly1g80zjvqz12j30mj0co3yq.jpg
https://tva1.sinaimg.cn/mw690/006OBeunly1g80zhhes12j30jp0kamy5.jpg
https://tva1.sinaimg.cn/mw690/006OBeunly1g80zhhsltuj30sg0z5td4.jpg
https://tva1.sinaimg.cn/mw690/006OBeunly1g80zhhnh8hj30r91120x0.jpg
https://tva1.sinaimg.cn/mw690/006OBeunly1g80zhhnh90j30n00n0q6f.jpg
https://tva1.sinaimg.cn/mw690/006OBeunly1g80zhhnykcj30xc0m1jv9.jpg
https://tva1.sinaimg.cn/mw690/006OBeunly1g80zis2e99j30mj14276v.jpg
https://tva1.sinaimg.cn/mw690/006OBeunly1g80zjivurlj30k00qo75f.jpg
https://tva1.sinaimg.cn/mw690/006OBeunly1g80zjix8g7j30k814hwnk.jpg
https://tva1.sinaimg.cn/mw690/006OBeunly1g80zjixyf8j30mj0mj3zr.jpg
https://tva1.sinaimg.cn/mw690/006OBeunly1g80zhhiawrj30jp1xydn5.jpg
https://tva1.sinaimg.cn/mw690/006OBeunly1g80zhhf8atj30jp1xy7bs.jpg
https://tva1.sinaimg.cn/large/007awY0bly1g176ai3xscj30m60sctb7.jpg
https://tva1.sinaimg.cn/mw690/006OBeunly1g80zhvnyiag30ao0dche0.gif
https://tva1.sinaimg.cn/mw690/006OBeunly1g80zj4m1keg30go09ee8g.gif
https://tva1.sinaimg.cn/mw690/006OBeunly1g80zj29tvhg30b40jpnpj.gif
https://tva1.sinaimg.cn/mw690/006OBeunly1g80zizfotzg307d08cx6r.gif
https://tva1.sinaimg.cn/mw690/006OBeunly1g80zj1y0x9g30dc0dcqvc.gif
https://tva1.sinaimg.cn/mw690/006OBeunly1g80ziysg6wg30dc0dc1lb.gif
https://tva1.sinaimg.cn/mw690/006OBeunly1g80zilhblrg306y06ykjn.gif
https://tva1.sinaimg.cn/mw690/006OBeunly1g80ziq3srsg30dc0dcx6v.gif
https://tva1.sinaimg.cn/mw690/006OBeunly1g80zipwithg30a80cse84.gif
https://tva1.sinaimg.cn/large/006OBeunly1g80zhsxdpsg307t0dwx6r.gif
https://tva1.sinaimg.cn/large/007awY0bly1ftk6nay2fsg301o01oglg.gif
-----------------------2019福利汇总第143期：小鹿乱撞-福利吧【162】-点赞-----------------------
https://tva1.sinaimg.cn/large/007awY0bly1g2oaya6trhj307i01x3yx.jpg
https://tva1.sinaimg.cn/large/007qbgWbly1g7hvebkkzfj30n202dtbd.jpg
https://tva1.sinaimg.cn/mw690/006OBeunly1g839c9h8skj30p00irabq.jpg
https://tva1.sinaimg.cn/mw690/006OBeunly1g83a2fgkxoj30n00xqmze.jpg
https://tva1.sinaimg.cn/mw690/006OBeunly1g839ctlwu7j30k00f0k07.jpg
https://tva1.sinaimg.cn/mw690/006OBeunly1g839dt1ncmj30fb0fxq4k.jpg
https://tva1.sinaimg.cn/mw690/006OBeunly1g839dt6bxdj30lx0m8wif.jpg
https://tva1.sinaimg.cn/mw690/006OBeunly1g839dm2ekuj30mj0gwabw.jpg
https://tva1.sinaimg.cn/mw690/006OBeunly1g839dm2a8zj30le123jwb.jpg
https://tva1.sinaimg.cn/large/007awY0bly1g176ai3xscj30m60sctb7.jpg
https://tva1.sinaimg.cn/mw690/006OBeunly1g83a2m4qcag307y0e5e8h.gif
https://tva1.sinaimg.cn/mw690/006OBeunly1g83a2h3tw0g309s09sx6t.gif
https://tva1.sinaimg.cn/mw690/006OBeunly1g839dy7u3kg30f00hs7wt.gif
https://tva1.sinaimg.cn/mw690/006OBeunly1g839dz9toig309q05kkjz.gif
https://tva1.sinaimg.cn/mw690/006OBeunly1g839dt1huig30bv08wkjs.gif
https://tva1.sinaimg.cn/mw690/006OBeunly1g839d1gqtyg30b40b44qu.gif
https://tva1.sinaimg.cn/mw690/006OBeunly1g839cwt5pog30cs0cskjn.gif
https://tva1.sinaimg.cn/mw690/006OBeunly1g839cwlzkag30cc06yb2c.gif
https://tva1.sinaimg.cn/mw690/006OBeunly1g839dagqi1g30dc0dc4r6.gif
https://tva1.sinaimg.cn/mw690/006OBeunly1g839d3zub1g30dc0dcb2g.gif
https://tva1.sinaimg.cn/mw690/006OBeunly1g839d7uwqkg30b40b47wu.gif
https://tva1.sinaimg.cn/mw690/006OBeunly1g839d7elhzg309h094kjm.gif
https://tva1.sinaimg.cn/large/007awY0bly1ftk6nay2fsg301o01oglg.gif
-----------------------2019福利汇总第144期：Watch Out-福利吧【75】-点赞-----------------------
https://tva1.sinaimg.cn/large/007awY0bly1g2oaya6trhj307i01x3yx.jpg
https://tva1.sinaimg.cn/large/007qbgWbly1g7hvebkkzfj30n202dtbd.jpg
https://tva1.sinaimg.cn/mw690/006OBeunly1g85l2krzdzj30mj0f1n23.jpg
https://tva1.sinaimg.cn/mw690/006OBeunly1g85kvjncsdj30mj0codk4.jpg
https://tva1.sinaimg.cn/mw690/006OBeunly1g85kvjmv79j30hb0lljtz.jpg
https://tva1.sinaimg.cn/mw690/006OBeunly1g85kx9v3f0j30mj0uejts.jpg
https://tva1.sinaimg.cn/mw690/006OBeunly1g85ko7j06nj30u018h1kx.jpg
https://tva1.sinaimg.cn/mw690/006OBeunly1g85ku2u5edj31400u0u14.jpg
https://tva1.sinaimg.cn/mw690/006OBeunly1g85kvjp3okj30lo0tawj1.jpg
https://tva1.sinaimg.cn/mw690/006OBeunly1g85kszqct6j30c85hqb2b.jpg
https://tva1.sinaimg.cn/large/007awY0bly1g176ai3xscj30m60sctb7.jpg
https://tva1.sinaimg.cn/mw690/006OBeunly1g85kvon887g305m0a0npl.gif
https://tva1.sinaimg.cn/mw690/006OBeunly1g85kvkanz2g30a80a87wh.gif
https://tva1.sinaimg.cn/mw690/006OBeunly1g85kvq7m4mg30go0tmb2h.gif
https://tva1.sinaimg.cn/mw690/006OBeunly1g85kwpbv9ag30b408wb2f.gif
https://tva1.sinaimg.cn/mw690/006OBeunly1g85kwubw2wg308w0fu7ws.gif
https://tva1.sinaimg.cn/mw690/006OBeunly1g85kwszt62g307c09enpn.gif
https://tva1.sinaimg.cn/mw690/006OBeunly1g85kwu5j6hg308w0fphe9.gif
https://tva1.sinaimg.cn/mw690/006OBeunly1g85kwc6qdqg30e80hshdw.gif
https://tva1.sinaimg.cn/mw690/006OBeunly1g85kwavm8ng306y08oe84.gif
https://tva1.sinaimg.cn/mw690/006OBeunly1g85kwrvfiog30cs0cs1l6.gif
https://tva1.sinaimg.cn/mw690/006OBeunly1g85kw9jovqg30cb06y7wk.gif
https://tva1.sinaimg.cn/mw690/006OBeunly1g85kwpfdkag30gn082e8e.gif
https://tva1.sinaimg.cn/mw690/006OBeunly1g85kxmuna9g308w0hlqvi.gif
https://tva1.sinaimg.cn/mw690/006OBeunly1g85kxcabljg30dc0dcqv8.gif
https://tva1.sinaimg.cn/mw690/006OBeunly1g85kxngvc5g30dc0dcx73.gif
https://tva1.sinaimg.cn/mw690/006OBeunly1g85kxhutuig30dc07iqve.gif
https://tva1.sinaimg.cn/large/007awY0bly1ftk6nay2fsg301o01oglg.gif
-----------------------2019福利汇总第144期：Watch Out-福利吧【99】-点赞-----------------------
https://tva1.sinaimg.cn/large/007awY0bly1g2oaya6trhj307i01x3yx.jpg
https://tva1.sinaimg.cn/large/007qbgWbly1g7hvebkkzfj30n202dtbd.jpg
https://tva1.sinaimg.cn/mw690/006OBeunly1g85l2krzdzj30mj0f1n23.jpg
https://tva1.sinaimg.cn/mw690/006OBeunly1g85kvjncsdj30mj0codk4.jpg
https://tva1.sinaimg.cn/mw690/006OBeunly1g85kvjmv79j30hb0lljtz.jpg
https://tva1.sinaimg.cn/mw690/006OBeunly1g85kx9v3f0j30mj0uejts.jpg
https://tva1.sinaimg.cn/mw690/006OBeunly1g85ko7j06nj30u018h1kx.jpg
https://tva1.sinaimg.cn/mw690/006OBeunly1g85ku2u5edj31400u0u14.jpg
https://tva1.sinaimg.cn/mw690/006OBeunly1g85kvjp3okj30lo0tawj1.jpg
https://tva1.sinaimg.cn/mw690/006OBeunly1g85kszqct6j30c85hqb2b.jpg
https://tva1.sinaimg.cn/large/007awY0bly1g176ai3xscj30m60sctb7.jpg
https://tva1.sinaimg.cn/mw690/006OBeunly1g85kvon887g305m0a0npl.gif
https://tva1.sinaimg.cn/mw690/006OBeunly1g85kvkanz2g30a80a87wh.gif
https://tva1.sinaimg.cn/mw690/006OBeunly1g85kvq7m4mg30go0tmb2h.gif
https://tva1.sinaimg.cn/mw690/006OBeunly1g85kwpbv9ag30b408wb2f.gif
https://tva1.sinaimg.cn/mw690/006OBeunly1g85kwubw2wg308w0fu7ws.gif
https://tva1.sinaimg.cn/mw690/006OBeunly1g85kwszt62g307c09enpn.gif
https://tva1.sinaimg.cn/mw690/006OBeunly1g85kwu5j6hg308w0fphe9.gif
https://tva1.sinaimg.cn/mw690/006OBeunly1g85kwc6qdqg30e80hshdw.gif
https://tva1.sinaimg.cn/mw690/006OBeunly1g85kwavm8ng306y08oe84.gif
https://tva1.sinaimg.cn/mw690/006OBeunly1g85kwrvfiog30cs0cs1l6.gif
https://tva1.sinaimg.cn/mw690/006OBeunly1g85kw9jovqg30cb06y7wk.gif
https://tva1.sinaimg.cn/mw690/006OBeunly1g85kwpfdkag30gn082e8e.gif
https://tva1.sinaimg.cn/mw690/006OBeunly1g85kxmuna9g308w0hlqvi.gif
https://tva1.sinaimg.cn/mw690/006OBeunly1g85kxcabljg30dc0dcqv8.gif
https://tva1.sinaimg.cn/mw690/006OBeunly1g85kxngvc5g30dc0dcx73.gif
https://tva1.sinaimg.cn/mw690/006OBeunly1g85kxhutuig30dc07iqve.gif
https://tva1.sinaimg.cn/large/007awY0bly1ftk6nay2fsg301o01oglg.gif
